\BOOKMARK [-1][-]{part.1}{I Preliminares}{}
\BOOKMARK [0][-]{chapter.1}{Introducci\363n}{part.1}
\BOOKMARK [1][-]{section.1.1}{Objetivo}{chapter.1}
\BOOKMARK [1][-]{section.1.2}{Sobre las vacunas}{chapter.1}
\BOOKMARK [1][-]{section.1.3}{Motivaci\363n}{chapter.1}
\BOOKMARK [1][-]{section.1.4}{Antecedentes}{chapter.1}
\BOOKMARK [1][-]{section.1.5}{Propuesta}{chapter.1}
\BOOKMARK [-1][-]{part.2}{II La Biolog\355a y la Ciencia de la Computaci\363n}{}
\BOOKMARK [0][-]{chapter.2}{Biolog\355a}{part.2}
\BOOKMARK [1][-]{section.2.1}{Conceptos b\341sicos de biolog\355a para esta tesis}{chapter.2}
\BOOKMARK [1][-]{section.2.2}{La estructura secundaria de RNA!}{chapter.2}
\BOOKMARK [1][-]{section.2.3}{Los virus RNA!}{chapter.2}
\BOOKMARK [0][-]{chapter.3}{Bioinform\341tica y Biolog\355a computacional}{part.2}
\BOOKMARK [1][-]{section.3.1}{Bio*}{chapter.3}
\BOOKMARK [1][-]{section.3.2}{Predicci\363n de estructura secundaria}{chapter.3}
\BOOKMARK [2][-]{subsection.3.2.1}{Predicci\363n directa \(folding\)}{section.3.2}
\BOOKMARK [2][-]{subsection.3.2.2}{Predicci\363n inversa \(inverse folding\)}{section.3.2}
\BOOKMARK [0][-]{chapter.4}{Dise\361o de vacunas atenuadas}{part.2}
\BOOKMARK [1][-]{section.4.1}{Dise\361o cl\341sico}{chapter.4}
\BOOKMARK [1][-]{section.4.2}{Dise\361o racional}{chapter.4}
\BOOKMARK [2][-]{subsection.4.2.1}{Antecedentes}{section.4.2}
\BOOKMARK [1][-]{section.4.3}{Propuesta de soluci\363n}{chapter.4}
\BOOKMARK [2][-]{subsection.4.3.1}{Formalizaci\363n}{section.4.3}
\BOOKMARK [-1][-]{part.3}{III Desarrollo del Software}{}
\BOOKMARK [0][-]{chapter.5}{Proceso de desarrollo}{part.3}
\BOOKMARK [1][-]{section.5.1}{Modelo de desarrollo}{chapter.5}
\BOOKMARK [2][-]{subsection.5.1.1}{Etapas de la cascada}{section.5.1}
\BOOKMARK [2][-]{subsection.5.1.2}{Consideraciones del modelo}{section.5.1}
\BOOKMARK [1][-]{section.5.2}{Ecosistema}{chapter.5}
\BOOKMARK [0][-]{chapter.6}{Requerimientos}{part.3}
\BOOKMARK [1][-]{section.6.1}{Descripci\363n general}{chapter.6}
\BOOKMARK [1][-]{section.6.2}{Extensiones}{chapter.6}
\BOOKMARK [1][-]{section.6.3}{Regiones combinatorias}{chapter.6}
\BOOKMARK [1][-]{section.6.4}{Estrategias de b\372squeda}{chapter.6}
\BOOKMARK [1][-]{section.6.5}{Control de calidad}{chapter.6}
\BOOKMARK [1][-]{section.6.6}{Ranking de secuencias candidatas}{chapter.6}
\BOOKMARK [0][-]{chapter.7}{Dise\361o}{part.3}
\BOOKMARK [1][-]{section.7.1}{Metodolog\355a}{chapter.7}
\BOOKMARK [1][-]{section.7.2}{Arquitectura}{chapter.7}
\BOOKMARK [1][-]{section.7.3}{Librer\355as externas}{chapter.7}
\BOOKMARK [1][-]{section.7.4}{Motor combinatorio}{chapter.7}
\BOOKMARK [0][-]{chapter.8}{Integraci\363n de librer\355as externas}{part.3}
\BOOKMARK [1][-]{section.8.1}{Implementar vs. Integrar}{chapter.8}
\BOOKMARK [1][-]{section.8.2}{Integraci\363n}{chapter.8}
\BOOKMARK [2][-]{subsection.8.2.1}{Predicci\363n inversa \(inverse folding\)}{section.8.2}
\BOOKMARK [0][-]{chapter.9}{B\372squeda local}{part.3}
\BOOKMARK [1][-]{section.9.1}{Paradigmas de b\372squeda}{chapter.9}
\BOOKMARK [2][-]{subsection.9.1.1}{Perturbativa vs. Constructiva}{section.9.1}
\BOOKMARK [2][-]{subsection.9.1.2}{Local vs. Sistem\341tica}{section.9.1}
\BOOKMARK [1][-]{section.9.2}{\277Por qu\351 usar b\372squeda local?}{chapter.9}
\BOOKMARK [1][-]{section.9.3}{Implementaci\363n}{chapter.9}
\BOOKMARK [2][-]{subsection.9.3.1}{El vecindario}{section.9.3}
\BOOKMARK [2][-]{subsection.9.3.2}{La estrategia}{section.9.3}
\BOOKMARK [-1][-]{part.4}{IV Conclusiones}{}
\BOOKMARK [0][-]{chapter.10}{Todo concluye al fin}{part.4}
\BOOKMARK [1][-]{section.10.1}{Aportes}{chapter.10}
\BOOKMARK [1][-]{section.10.2}{Trabajo futuro}{chapter.10}
\BOOKMARK [0][-]{chapter.11}{Bibliograf\355a}{part.4}
\BOOKMARK [0][-]{appendix.A}{Acr\363nimos}{part.4}
